build/app/intermediates/manifest_merge_blame_file/debug/manifest-merger-blame-debug-report.txt
1<?xml version="1.0" encoding="utf-8"?>
2<manifest xmlns:android="http://schemas.android.com/apk/res/android"
3    package="com.cc_extractor.deluge_client"
4    android:versionCode="15"
5    android:versionName="0.1.4" >
6
7    <uses-sdk
8        android:minSdkVersion="21"
9        android:targetSdkVersion="30" />
10    <!--
11         Flutter needs it to communicate with the running application
12         to allow setting breakpoints, to provide hot reload, etc.
13    -->
14    <uses-permission android:name="android.permission.INTERNET" />
14-->src\main\AndroidManifest.xml:3:5-66
14-->src\main\AndroidManifest.xml:3:22-64
15    <uses-permission android:name="android.permission.CAMERA" />
15-->src\main\AndroidManifest.xml:4:5-65
15-->src\main\AndroidManifest.xml:4:22-62
16    <uses-permission android:name="android.permission.VIBRATE" />
16-->src\main\AndroidManifest.xml:6:5-66
16-->src\main\AndroidManifest.xml:6:22-63
17    <uses-permission android:name="android.permission.RECEIVE_BOOT_COMPLETED" />
17-->src\main\AndroidManifest.xml:7:5-81
17-->src\main\AndroidManifest.xml:7:22-78
18    <uses-permission android:name="android.permission.READ_EXTERNAL_STORAGE" />
18-->[:file_picker] AndroidManifest.xml:7:5-80
18-->[:file_picker] AndroidManifest.xml:7:22-77
19
20    <queries>
20-->[:file_picker] AndroidManifest.xml:9:5-15:15
21        <intent>
21-->[:file_picker] AndroidManifest.xml:10:9-14:18
22            <action android:name="android.intent.action.GET_CONTENT" />
22-->[:file_picker] AndroidManifest.xml:11:13-72
22-->[:file_picker] AndroidManifest.xml:11:21-69
23
24            <data android:mimeType="*/*" />
24-->[:file_picker] AndroidManifest.xml:13:13-44
24-->[:file_picker] AndroidManifest.xml:13:19-41
25        </intent>
26        <intent>
26-->[androidx.media:media:1.3.1] AndroidManifest.xml:25:9-27:18
27            <action android:name="android.media.browse.MediaBrowserService" />
27-->[androidx.media:media:1.3.1] AndroidManifest.xml:26:13-79
27-->[androidx.media:media:1.3.1] AndroidManifest.xml:26:21-76
28        </intent>
29    </queries>
30
31    <uses-permission android:name="android.permission.USE_FULL_SCREEN_INTENT" />
31-->[:flutter_local_notifications] AndroidManifest.xml:9:5-81
31-->[:flutter_local_notifications] AndroidManifest.xml:9:22-78
32    <uses-permission android:name="android.permission.WAKE_LOCK" />
32-->[androidx.work:work-runtime:2.7.0] AndroidManifest.xml:25:5-68
32-->[androidx.work:work-runtime:2.7.0] AndroidManifest.xml:25:22-65
33    <uses-permission android:name="android.permission.ACCESS_NETWORK_STATE" />
33-->[androidx.work:work-runtime:2.7.0] AndroidManifest.xml:26:5-79
33-->[androidx.work:work-runtime:2.7.0] AndroidManifest.xml:26:22-76
34    <uses-permission android:name="android.permission.FOREGROUND_SERVICE" /> <!-- Don't require camera, as this requires a rear camera. This allows it to work on the Nexus 7 -->
34-->[androidx.work:work-runtime:2.7.0] AndroidManifest.xml:28:5-77
34-->[androidx.work:work-runtime:2.7.0] AndroidManifest.xml:28:22-74
35    <uses-feature
35-->[com.journeyapps:zxing-android-embedded:4.1.0] AndroidManifest.xml:25:5-27:36
36        android:name="android.hardware.camera"
36-->[com.journeyapps:zxing-android-embedded:4.1.0] AndroidManifest.xml:26:9-47
37        android:required="false" />
37-->[com.journeyapps:zxing-android-embedded:4.1.0] AndroidManifest.xml:27:9-33
38    <uses-feature
38-->[com.journeyapps:zxing-android-embedded:4.1.0] AndroidManifest.xml:28:5-30:36
39        android:name="android.hardware.camera.front"
39-->[com.journeyapps:zxing-android-embedded:4.1.0] AndroidManifest.xml:29:9-53
40        android:required="false" /> <!-- TODO replace above two with next line after Android 4.2 -->
40-->[com.journeyapps:zxing-android-embedded:4.1.0] AndroidManifest.xml:30:9-33
41    <!-- <uses-feature android:name="android.hardware.camera.any"/> -->
42    <uses-feature
42-->[com.journeyapps:zxing-android-embedded:4.1.0] AndroidManifest.xml:33:5-35:36
43        android:name="android.hardware.camera.autofocus"
43-->[com.journeyapps:zxing-android-embedded:4.1.0] AndroidManifest.xml:34:9-57
44        android:required="false" />
44-->[com.journeyapps:zxing-android-embedded:4.1.0] AndroidManifest.xml:35:9-33
45    <uses-feature
45-->[com.journeyapps:zxing-android-embedded:4.1.0] AndroidManifest.xml:36:5-38:36
46        android:name="android.hardware.camera.flash"
46-->[com.journeyapps:zxing-android-embedded:4.1.0] AndroidManifest.xml:37:9-53
47        android:required="false" />
47-->[com.journeyapps:zxing-android-embedded:4.1.0] AndroidManifest.xml:38:9-33
48    <uses-feature
48-->[com.journeyapps:zxing-android-embedded:4.1.0] AndroidManifest.xml:39:5-41:36
49        android:name="android.hardware.screen.landscape"
49-->[com.journeyapps:zxing-android-embedded:4.1.0] AndroidManifest.xml:40:9-57
50        android:required="false" />
50-->[com.journeyapps:zxing-android-embedded:4.1.0] AndroidManifest.xml:41:9-33
51    <uses-feature
51-->[com.journeyapps:zxing-android-embedded:4.1.0] AndroidManifest.xml:42:5-44:36
52        android:name="android.hardware.wifi"
52-->[com.journeyapps:zxing-android-embedded:4.1.0] AndroidManifest.xml:43:9-45
53        android:required="false" />
53-->[com.journeyapps:zxing-android-embedded:4.1.0] AndroidManifest.xml:44:9-33
54
55    <application
55-->src\main\AndroidManifest.xml:9:4-58:19
56        android:appComponentFactory="androidx.core.app.CoreComponentFactory"
56-->[androidx.core:core:1.6.0] AndroidManifest.xml:24:18-86
57        android:debuggable="true"
58        android:icon="@mipmap/ic_launcher"
58-->src\main\AndroidManifest.xml:11:9-43
59        android:label="Deluge Client" >
59-->src\main\AndroidManifest.xml:10:9-38
60        <activity
60-->src\main\AndroidManifest.xml:12:9-40:20
61            android:name="com.cc_extractor.deluge_client.MainActivity"
61-->src\main\AndroidManifest.xml:13:13-41
62            android:configChanges="orientation|keyboardHidden|keyboard|screenSize|smallestScreenSize|locale|layoutDirection|fontScale|screenLayout|density|uiMode"
62-->src\main\AndroidManifest.xml:16:13-163
63            android:hardwareAccelerated="true"
63-->src\main\AndroidManifest.xml:17:13-47
64            android:launchMode="singleTop"
64-->src\main\AndroidManifest.xml:14:13-43
65            android:theme="@style/LaunchTheme"
65-->src\main\AndroidManifest.xml:15:13-47
66            android:windowSoftInputMode="adjustResize" >
66-->src\main\AndroidManifest.xml:18:13-55
67
68            <!--
69                 Specifies an Android theme to apply to this Activity as soon as
70                 the Android process has started. This theme is visible to the user
71                 while the Flutter UI initializes. After that, this theme continues
72                 to determine the Window background behind the Flutter UI.
73            -->
74            <meta-data
74-->src\main\AndroidManifest.xml:23:13-26:17
75                android:name="io.flutter.embedding.android.NormalTheme"
75-->src\main\AndroidManifest.xml:24:15-70
76                android:resource="@style/NormalTheme" />
76-->src\main\AndroidManifest.xml:25:15-52
77            <!--
78                 Displays an Android View that continues showing the launch screen
79                 Drawable until Flutter paints its first frame, then this splash
80                 screen fades out. A splash screen is useful to avoid any visual
81                 gap between the end of Android's launch screen and the painting of
82                 Flutter's first frame.
83            -->
84            <meta-data
84-->src\main\AndroidManifest.xml:32:13-35:17
85                android:name="io.flutter.embedding.android.SplashScreenDrawable"
85-->src\main\AndroidManifest.xml:33:15-79
86                android:resource="@drawable/launch_background" />
86-->src\main\AndroidManifest.xml:34:15-61
87
88            <intent-filter>
88-->src\main\AndroidManifest.xml:36:13-39:29
89                <action android:name="android.intent.action.MAIN" />
89-->src\main\AndroidManifest.xml:37:17-68
89-->src\main\AndroidManifest.xml:37:25-66
90
91                <category android:name="android.intent.category.LAUNCHER" />
91-->src\main\AndroidManifest.xml:38:17-76
91-->src\main\AndroidManifest.xml:38:27-74
92            </intent-filter>
93        </activity>
94        <!--
95             Don't delete the meta-data below.
96             This is used by the Flutter tool to generate GeneratedPluginRegistrant.java
97        -->
98        <meta-data
98-->src\main\AndroidManifest.xml:43:9-45:33
99            android:name="flutterEmbedding"
99-->src\main\AndroidManifest.xml:44:13-44
100            android:value="2" />
100-->src\main\AndroidManifest.xml:45:13-30
101<!--           for notification -->
102        <meta-data
102-->src\main\AndroidManifest.xml:49:10-51:55
103            android:name="com.dexterous.flutterlocalnotifications.ScheduledNotificationBootReceiver"
103-->src\main\AndroidManifest.xml:50:12-100
104            android:resource="@drawable/ic_launcher" />
104-->src\main\AndroidManifest.xml:51:12-52
105
106        <receiver android:name="com.dexterous.flutterlocalnotifications.ScheduledNotificationBootReceiver" >
106-->src\main\AndroidManifest.xml:52:11-56:20
106-->src\main\AndroidManifest.xml:52:21-109
107            <intent-filter>
107-->src\main\AndroidManifest.xml:53:13-55:29
108                <action android:name="android.intent.action.BOOT_COMPLETED" />
108-->src\main\AndroidManifest.xml:54:17-86
108-->src\main\AndroidManifest.xml:54:25-76
109            </intent-filter>
110            <intent-filter>
110-->[:flutter_local_notifications] AndroidManifest.xml:14:13-19:29
111                <action android:name="android.intent.action.BOOT_COMPLETED" />
111-->src\main\AndroidManifest.xml:54:17-86
111-->src\main\AndroidManifest.xml:54:25-76
112                <action android:name="android.intent.action.MY_PACKAGE_REPLACED" />
112-->[:flutter_local_notifications] AndroidManifest.xml:16:17-84
112-->[:flutter_local_notifications] AndroidManifest.xml:16:25-81
113                <action android:name="android.intent.action.QUICKBOOT_POWERON" />
113-->[:flutter_local_notifications] AndroidManifest.xml:17:17-82
113-->[:flutter_local_notifications] AndroidManifest.xml:17:25-79
114                <action android:name="com.htc.intent.action.QUICKBOOT_POWERON" />
114-->[:flutter_local_notifications] AndroidManifest.xml:18:17-82
114-->[:flutter_local_notifications] AndroidManifest.xml:18:25-79
115            </intent-filter>
116        </receiver>
117        <receiver android:name="com.dexterous.flutterlocalnotifications.ScheduledNotificationReceiver" />
117-->src\main\AndroidManifest.xml:57:9-106
117-->src\main\AndroidManifest.xml:57:19-103
118
119        <activity
119-->[:url_launcher_android] AndroidManifest.xml:8:9-11:74
120            android:name="io.flutter.plugins.urllauncher.WebViewActivity"
120-->[:url_launcher_android] AndroidManifest.xml:9:13-74
121            android:exported="false"
121-->[:url_launcher_android] AndroidManifest.xml:10:13-37
122            android:theme="@android:style/Theme.NoTitleBar.Fullscreen" />
122-->[:url_launcher_android] AndroidManifest.xml:11:13-71
123
124        <provider
124-->[androidx.work:work-runtime:2.7.0] AndroidManifest.xml:31:9-39:20
125            android:name="androidx.startup.InitializationProvider"
125-->[androidx.work:work-runtime:2.7.0] AndroidManifest.xml:32:13-67
126            android:authorities="com.cc_extractor.deluge_client.androidx-startup"
126-->[androidx.work:work-runtime:2.7.0] AndroidManifest.xml:33:13-68
127            android:exported="false" >
127-->[androidx.work:work-runtime:2.7.0] AndroidManifest.xml:34:13-37
128            <meta-data
128-->[androidx.work:work-runtime:2.7.0] AndroidManifest.xml:36:13-38:52
129                android:name="androidx.work.WorkManagerInitializer"
129-->[androidx.work:work-runtime:2.7.0] AndroidManifest.xml:37:17-68
130                android:value="androidx.startup" />
130-->[androidx.work:work-runtime:2.7.0] AndroidManifest.xml:38:17-49
131        </provider>
132
133        <service
133-->[androidx.work:work-runtime:2.7.0] AndroidManifest.xml:41:9-46:35
134            android:name="androidx.work.impl.background.systemalarm.SystemAlarmService"
134-->[androidx.work:work-runtime:2.7.0] AndroidManifest.xml:42:13-88
135            android:directBootAware="false"
135-->[androidx.work:work-runtime:2.7.0] AndroidManifest.xml:43:13-44
136            android:enabled="@bool/enable_system_alarm_service_default"
136-->[androidx.work:work-runtime:2.7.0] AndroidManifest.xml:44:13-72
137            android:exported="false" />
137-->[androidx.work:work-runtime:2.7.0] AndroidManifest.xml:45:13-37
138        <service
138-->[androidx.work:work-runtime:2.7.0] AndroidManifest.xml:47:9-53:35
139            android:name="androidx.work.impl.background.systemjob.SystemJobService"
139-->[androidx.work:work-runtime:2.7.0] AndroidManifest.xml:48:13-84
140            android:directBootAware="false"
140-->[androidx.work:work-runtime:2.7.0] AndroidManifest.xml:49:13-44
141            android:enabled="@bool/enable_system_job_service_default"
141-->[androidx.work:work-runtime:2.7.0] AndroidManifest.xml:50:13-70
142            android:exported="true"
142-->[androidx.work:work-runtime:2.7.0] AndroidManifest.xml:51:13-36
143            android:permission="android.permission.BIND_JOB_SERVICE" />
143-->[androidx.work:work-runtime:2.7.0] AndroidManifest.xml:52:13-69
144        <service
144-->[androidx.work:work-runtime:2.7.0] AndroidManifest.xml:54:9-59:35
145            android:name="androidx.work.impl.foreground.SystemForegroundService"
145-->[androidx.work:work-runtime:2.7.0] AndroidManifest.xml:55:13-81
146            android:directBootAware="false"
146-->[androidx.work:work-runtime:2.7.0] AndroidManifest.xml:56:13-44
147            android:enabled="@bool/enable_system_foreground_service_default"
147-->[androidx.work:work-runtime:2.7.0] AndroidManifest.xml:57:13-77
148            android:exported="false" />
148-->[androidx.work:work-runtime:2.7.0] AndroidManifest.xml:58:13-37
149
150        <receiver
150-->[androidx.work:work-runtime:2.7.0] AndroidManifest.xml:61:9-66:35
151            android:name="androidx.work.impl.utils.ForceStopRunnable$BroadcastReceiver"
151-->[androidx.work:work-runtime:2.7.0] AndroidManifest.xml:62:13-88
152            android:directBootAware="false"
152-->[androidx.work:work-runtime:2.7.0] AndroidManifest.xml:63:13-44
153            android:enabled="true"
153-->[androidx.work:work-runtime:2.7.0] AndroidManifest.xml:64:13-35
154            android:exported="false" />
154-->[androidx.work:work-runtime:2.7.0] AndroidManifest.xml:65:13-37
155        <receiver
155-->[androidx.work:work-runtime:2.7.0] AndroidManifest.xml:67:9-77:20
156            android:name="androidx.work.impl.background.systemalarm.ConstraintProxy$BatteryChargingProxy"
156-->[androidx.work:work-runtime:2.7.0] AndroidManifest.xml:68:13-106
157            android:directBootAware="false"
157-->[androidx.work:work-runtime:2.7.0] AndroidManifest.xml:69:13-44
158            android:enabled="false"
158-->[androidx.work:work-runtime:2.7.0] AndroidManifest.xml:70:13-36
159            android:exported="false" >
159-->[androidx.work:work-runtime:2.7.0] AndroidManifest.xml:71:13-37
160            <intent-filter>
160-->[androidx.work:work-runtime:2.7.0] AndroidManifest.xml:73:13-76:29
161                <action android:name="android.intent.action.ACTION_POWER_CONNECTED" />
161-->[androidx.work:work-runtime:2.7.0] AndroidManifest.xml:74:17-87
161-->[androidx.work:work-runtime:2.7.0] AndroidManifest.xml:74:25-84
162                <action android:name="android.intent.action.ACTION_POWER_DISCONNECTED" />
162-->[androidx.work:work-runtime:2.7.0] AndroidManifest.xml:75:17-90
162-->[androidx.work:work-runtime:2.7.0] AndroidManifest.xml:75:25-87
163            </intent-filter>
164        </receiver>
165        <receiver
165-->[androidx.work:work-runtime:2.7.0] AndroidManifest.xml:78:9-88:20
166            android:name="androidx.work.impl.background.systemalarm.ConstraintProxy$BatteryNotLowProxy"
166-->[androidx.work:work-runtime:2.7.0] AndroidManifest.xml:79:13-104
167            android:directBootAware="false"
167-->[androidx.work:work-runtime:2.7.0] AndroidManifest.xml:80:13-44
168            android:enabled="false"
168-->[androidx.work:work-runtime:2.7.0] AndroidManifest.xml:81:13-36
169            android:exported="false" >
169-->[androidx.work:work-runtime:2.7.0] AndroidManifest.xml:82:13-37
170            <intent-filter>
170-->[androidx.work:work-runtime:2.7.0] AndroidManifest.xml:84:13-87:29
171                <action android:name="android.intent.action.BATTERY_OKAY" />
171-->[androidx.work:work-runtime:2.7.0] AndroidManifest.xml:85:17-77
171-->[androidx.work:work-runtime:2.7.0] AndroidManifest.xml:85:25-74
172                <action android:name="android.intent.action.BATTERY_LOW" />
172-->[androidx.work:work-runtime:2.7.0] AndroidManifest.xml:86:17-76
172-->[androidx.work:work-runtime:2.7.0] AndroidManifest.xml:86:25-73
173            </intent-filter>
174        </receiver>
175        <receiver
175-->[androidx.work:work-runtime:2.7.0] AndroidManifest.xml:89:9-99:20
176            android:name="androidx.work.impl.background.systemalarm.ConstraintProxy$StorageNotLowProxy"
176-->[androidx.work:work-runtime:2.7.0] AndroidManifest.xml:90:13-104
177            android:directBootAware="false"
177-->[androidx.work:work-runtime:2.7.0] AndroidManifest.xml:91:13-44
178            android:enabled="false"
178-->[androidx.work:work-runtime:2.7.0] AndroidManifest.xml:92:13-36
179            android:exported="false" >
179-->[androidx.work:work-runtime:2.7.0] AndroidManifest.xml:93:13-37
180            <intent-filter>
180-->[androidx.work:work-runtime:2.7.0] AndroidManifest.xml:95:13-98:29
181                <action android:name="android.intent.action.DEVICE_STORAGE_LOW" />
181-->[androidx.work:work-runtime:2.7.0] AndroidManifest.xml:96:17-83
181-->[androidx.work:work-runtime:2.7.0] AndroidManifest.xml:96:25-80
182                <action android:name="android.intent.action.DEVICE_STORAGE_OK" />
182-->[androidx.work:work-runtime:2.7.0] AndroidManifest.xml:97:17-82
182-->[androidx.work:work-runtime:2.7.0] AndroidManifest.xml:97:25-79
183            </intent-filter>
184        </receiver>
185        <receiver
185-->[androidx.work:work-runtime:2.7.0] AndroidManifest.xml:100:9-109:20
186            android:name="androidx.work.impl.background.systemalarm.ConstraintProxy$NetworkStateProxy"
186-->[androidx.work:work-runtime:2.7.0] AndroidManifest.xml:101:13-103
187            android:directBootAware="false"
187-->[androidx.work:work-runtime:2.7.0] AndroidManifest.xml:102:13-44
188            android:enabled="false"
188-->[androidx.work:work-runtime:2.7.0] AndroidManifest.xml:103:13-36
189            android:exported="false" >
189-->[androidx.work:work-runtime:2.7.0] AndroidManifest.xml:104:13-37
190            <intent-filter>
190-->[androidx.work:work-runtime:2.7.0] AndroidManifest.xml:106:13-108:29
191                <action android:name="android.net.conn.CONNECTIVITY_CHANGE" />
191-->[androidx.work:work-runtime:2.7.0] AndroidManifest.xml:107:17-79
191-->[androidx.work:work-runtime:2.7.0] AndroidManifest.xml:107:25-76
192            </intent-filter>
193        </receiver>
194        <receiver
194-->[androidx.work:work-runtime:2.7.0] AndroidManifest.xml:110:9-121:20
195            android:name="androidx.work.impl.background.systemalarm.RescheduleReceiver"
195-->[androidx.work:work-runtime:2.7.0] AndroidManifest.xml:111:13-88
196            android:directBootAware="false"
196-->[androidx.work:work-runtime:2.7.0] AndroidManifest.xml:112:13-44
197            android:enabled="false"
197-->[androidx.work:work-runtime:2.7.0] AndroidManifest.xml:113:13-36
198            android:exported="false" >
198-->[androidx.work:work-runtime:2.7.0] AndroidManifest.xml:114:13-37
199            <intent-filter>
199-->[androidx.work:work-runtime:2.7.0] AndroidManifest.xml:116:13-120:29
200                <action android:name="android.intent.action.BOOT_COMPLETED" />
200-->src\main\AndroidManifest.xml:54:17-86
200-->src\main\AndroidManifest.xml:54:25-76
201                <action android:name="android.intent.action.TIME_SET" />
201-->[androidx.work:work-runtime:2.7.0] AndroidManifest.xml:118:17-73
201-->[androidx.work:work-runtime:2.7.0] AndroidManifest.xml:118:25-70
202                <action android:name="android.intent.action.TIMEZONE_CHANGED" />
202-->[androidx.work:work-runtime:2.7.0] AndroidManifest.xml:119:17-81
202-->[androidx.work:work-runtime:2.7.0] AndroidManifest.xml:119:25-78
203            </intent-filter>
204        </receiver>
205        <receiver
205-->[androidx.work:work-runtime:2.7.0] AndroidManifest.xml:122:9-131:20
206            android:name="androidx.work.impl.background.systemalarm.ConstraintProxyUpdateReceiver"
206-->[androidx.work:work-runtime:2.7.0] AndroidManifest.xml:123:13-99
207            android:directBootAware="false"
207-->[androidx.work:work-runtime:2.7.0] AndroidManifest.xml:124:13-44
208            android:enabled="@bool/enable_system_alarm_service_default"
208-->[androidx.work:work-runtime:2.7.0] AndroidManifest.xml:125:13-72
209            android:exported="false" >
209-->[androidx.work:work-runtime:2.7.0] AndroidManifest.xml:126:13-37
210            <intent-filter>
210-->[androidx.work:work-runtime:2.7.0] AndroidManifest.xml:128:13-130:29
211                <action android:name="androidx.work.impl.background.systemalarm.UpdateProxies" />
211-->[androidx.work:work-runtime:2.7.0] AndroidManifest.xml:129:17-98
211-->[androidx.work:work-runtime:2.7.0] AndroidManifest.xml:129:25-95
212            </intent-filter>
213        </receiver>
214        <receiver
214-->[androidx.work:work-runtime:2.7.0] AndroidManifest.xml:132:9-142:20
215            android:name="androidx.work.impl.diagnostics.DiagnosticsReceiver"
215-->[androidx.work:work-runtime:2.7.0] AndroidManifest.xml:133:13-78
216            android:directBootAware="false"
216-->[androidx.work:work-runtime:2.7.0] AndroidManifest.xml:134:13-44
217            android:enabled="true"
217-->[androidx.work:work-runtime:2.7.0] AndroidManifest.xml:135:13-35
218            android:exported="true"
218-->[androidx.work:work-runtime:2.7.0] AndroidManifest.xml:136:13-36
219            android:permission="android.permission.DUMP" >
219-->[androidx.work:work-runtime:2.7.0] AndroidManifest.xml:137:13-57
220            <intent-filter>
220-->[androidx.work:work-runtime:2.7.0] AndroidManifest.xml:139:13-141:29
221                <action android:name="androidx.work.diagnostics.REQUEST_DIAGNOSTICS" />
221-->[androidx.work:work-runtime:2.7.0] AndroidManifest.xml:140:17-88
221-->[androidx.work:work-runtime:2.7.0] AndroidManifest.xml:140:25-85
222            </intent-filter>
223        </receiver>
224
225        <service
225-->[androidx.room:room-runtime:2.2.5] AndroidManifest.xml:25:9-28:40
226            android:name="androidx.room.MultiInstanceInvalidationService"
226-->[androidx.room:room-runtime:2.2.5] AndroidManifest.xml:26:13-74
227            android:directBootAware="true"
227-->[androidx.room:room-runtime:2.2.5] AndroidManifest.xml:27:13-43
228            android:exported="false" />
228-->[androidx.room:room-runtime:2.2.5] AndroidManifest.xml:28:13-37
229
230        <activity
230-->[com.journeyapps:zxing-android-embedded:4.1.0] AndroidManifest.xml:47:9-53:63
231            android:name="com.journeyapps.barcodescanner.CaptureActivity"
231-->[com.journeyapps:zxing-android-embedded:4.1.0] AndroidManifest.xml:48:13-74
232            android:clearTaskOnLaunch="true"
232-->[com.journeyapps:zxing-android-embedded:4.1.0] AndroidManifest.xml:49:13-45
233            android:screenOrientation="sensorLandscape"
233-->[com.journeyapps:zxing-android-embedded:4.1.0] AndroidManifest.xml:50:13-56
234            android:stateNotNeeded="true"
234-->[com.journeyapps:zxing-android-embedded:4.1.0] AndroidManifest.xml:51:13-42
235            android:theme="@style/zxing_CaptureTheme"
235-->[com.journeyapps:zxing-android-embedded:4.1.0] AndroidManifest.xml:52:13-54
236            android:windowSoftInputMode="stateAlwaysHidden" />
236-->[com.journeyapps:zxing-android-embedded:4.1.0] AndroidManifest.xml:53:13-60
237    </application>
238
239</manifest>